Miniconda is a small version of Anaconda, with python 3.9, https://docs.conda.io/en/latest/miniconda.html
prepending to __UENV: miniconda3-py39
prepending to PATH: /opt/miniconda39/bin
prepending to LD_LIBRARY_PATH: /opt/miniconda39/lib
prepending to LD_LIBRARY_PATH: /usr/lib64/openmpi/lib
sourcing environment file /opt/miniconda39/etc/profile.d/conda.sh


Requirement already satisfied: pandas in /home/stud/ricardor/.conda/envs/news_classification/lib/python3.12/site-packages (2.2.3)
Requirement already satisfied: matplotlib in /home/stud/ricardor/.conda/envs/news_classification/lib/python3.12/site-packages (3.10.1)
Requirement already satisfied: seaborn in /home/stud/ricardor/.conda/envs/news_classification/lib/python3.12/site-packages (0.13.2)
Requirement already satisfied: numpy>=1.26.0 in /home/stud/ricardor/.conda/envs/news_classification/lib/python3.12/site-packages (from pandas) (2.1.3)
Requirement already satisfied: python-dateutil>=2.8.2 in /home/stud/ricardor/.conda/envs/news_classification/lib/python3.12/site-packages (from pandas) (2.9.0.post0)
Requirement already satisfied: pytz>=2020.1 in /home/stud/ricardor/.conda/envs/news_classification/lib/python3.12/site-packages (from pandas) (2025.1)
Requirement already satisfied: tzdata>=2022.7 in /home/stud/ricardor/.conda/envs/news_classification/lib/python3.12/site-packages (from pandas) (2025.2)
Requirement already satisfied: contourpy>=1.0.1 in /home/stud/ricardor/.conda/envs/news_classification/lib/python3.12/site-packages (from matplotlib) (1.3.1)
Requirement already satisfied: cycler>=0.10 in /home/stud/ricardor/.conda/envs/news_classification/lib/python3.12/site-packages (from matplotlib) (0.12.1)
Requirement already satisfied: fonttools>=4.22.0 in /home/stud/ricardor/.conda/envs/news_classification/lib/python3.12/site-packages (from matplotlib) (4.56.0)
Requirement already satisfied: kiwisolver>=1.3.1 in /home/stud/ricardor/.conda/envs/news_classification/lib/python3.12/site-packages (from matplotlib) (1.4.8)
Requirement already satisfied: packaging>=20.0 in /home/stud/ricardor/.conda/envs/news_classification/lib/python3.12/site-packages (from matplotlib) (24.2)
Requirement already satisfied: pillow>=8 in /home/stud/ricardor/.conda/envs/news_classification/lib/python3.12/site-packages (from matplotlib) (11.1.0)
Requirement already satisfied: pyparsing>=2.3.1 in /home/stud/ricardor/.conda/envs/news_classification/lib/python3.12/site-packages (from matplotlib) (3.2.3)
Requirement already satisfied: six>=1.5 in /home/stud/ricardor/.conda/envs/news_classification/lib/python3.12/site-packages (from python-dateutil>=2.8.2->pandas) (1.17.0)
Plot saved to: ./pictures/logits//konflikte und krieg_certainty_.png
Plot saved to: ./pictures/logits//konflikte und krieg_certainty_Uncertain.png
Plot saved to: ./pictures/logits//konflikte und krieg_certainty_Confident.png
Plot saved to: ./pictures/logits//konflikte und krieg_certainty_Very Uncertain.png
Plot saved to: ./pictures/logits//konflikte und krieg_certainty_Correctly_classified.png
Plot saved to: ./pictures/logits//konflikte und krieg_certainty_Miss_classified.png
Plot saved to: ./pictures/logits//social media_certainty_.png
Plot saved to: ./pictures/logits//social media_certainty_Confident.png
Plot saved to: ./pictures/logits//social media_certainty_Uncertain.png
Plot saved to: ./pictures/logits//social media_certainty_Very Uncertain.png
Plot saved to: ./pictures/logits//social media_certainty_Correctly_classified.png
Plot saved to: ./pictures/logits//social media_certainty_Miss_classified.png
Plot saved to: ./pictures/logits//bildung_certainty_.png
Plot saved to: ./pictures/logits//bildung_certainty_Uncertain.png
Plot saved to: ./pictures/logits//bildung_certainty_Very Uncertain.png
Plot saved to: ./pictures/logits//bildung_certainty_Confident.png
Plot saved to: ./pictures/logits//bildung_certainty_Correctly_classified.png
Plot saved to: ./pictures/logits//bildung_certainty_Miss_classified.png
Plot saved to: ./pictures/logits//gesellschaft und leben_certainty_.png
Plot saved to: ./pictures/logits//gesellschaft und leben_certainty_Confident.png
/mnt/beegfs/home/ricardor/bachelor/German-News-Data-Classification-COPY/src/logit_analysis.py:16: RuntimeWarning: More than 20 figures have been opened. Figures created through the pyplot interface (`matplotlib.pyplot.figure`) are retained until explicitly closed and may consume too much memory. (To control this warning, see the rcParam `figure.max_open_warning`). Consider using `matplotlib.pyplot.close()`.
  plt.figure(figsize=(20, 4))
Plot saved to: ./pictures/logits//gesellschaft und leben_certainty_Uncertain.png
Plot saved to: ./pictures/logits//gesellschaft und leben_certainty_Very Uncertain.png
Plot saved to: ./pictures/logits//gesellschaft und leben_certainty_Correctly_classified.png
Plot saved to: ./pictures/logits//gesellschaft und leben_certainty_Miss_classified.png
Plot saved to: ./pictures/logits//verkehr_certainty_.png
Plot saved to: ./pictures/logits//verkehr_certainty_Uncertain.png
Plot saved to: ./pictures/logits//verkehr_certainty_Confident.png
Plot saved to: ./pictures/logits//verkehr_certainty_Very Uncertain.png
Plot saved to: ./pictures/logits//verkehr_certainty_Correctly_classified.png
Plot saved to: ./pictures/logits//verkehr_certainty_Miss_classified.png
Plot saved to: ./pictures/logits//wirtschaft_certainty_.png
Plot saved to: ./pictures/logits//wirtschaft_certainty_Confident.png
Plot saved to: ./pictures/logits//wirtschaft_certainty_Uncertain.png
Plot saved to: ./pictures/logits//wirtschaft_certainty_Very Uncertain.png
Plot saved to: ./pictures/logits//wirtschaft_certainty_Correctly_classified.png
Plot saved to: ./pictures/logits//wirtschaft_certainty_Miss_classified.png
Plot saved to: ./pictures/logits//wetter_certainty_.png
Plot saved to: ./pictures/logits//wetter_certainty_Uncertain.png
Plot saved to: ./pictures/logits//wetter_certainty_Confident.png
Plot saved to: ./pictures/logits//wetter_certainty_Very Uncertain.png
Plot saved to: ./pictures/logits//wetter_certainty_Correctly_classified.png
Plot saved to: ./pictures/logits//wetter_certainty_Miss_classified.png
Plot saved to: ./pictures/logits//wissenschaft_certainty_.png
Plot saved to: ./pictures/logits//wissenschaft_certainty_Confident.png
Plot saved to: ./pictures/logits//wissenschaft_certainty_Uncertain.png
Plot saved to: ./pictures/logits//wissenschaft_certainty_Very Uncertain.png
Plot saved to: ./pictures/logits//wissenschaft_certainty_Correctly_classified.png
Plot saved to: ./pictures/logits//wissenschaft_certainty_Miss_classified.png
Plot saved to: ./pictures/logits//gesundheit_certainty_.png
Plot saved to: ./pictures/logits//gesundheit_certainty_Confident.png
Plot saved to: ./pictures/logits//gesundheit_certainty_Very Uncertain.png
Plot saved to: ./pictures/logits//gesundheit_certainty_Uncertain.png
Plot saved to: ./pictures/logits//gesundheit_certainty_Correctly_classified.png
Plot saved to: ./pictures/logits//gesundheit_certainty_Miss_classified.png
Plot saved to: ./pictures/logits//sport_certainty_.png
Plot saved to: ./pictures/logits//sport_certainty_Confident.png
Plot saved to: ./pictures/logits//sport_certainty_Uncertain.png
Plot saved to: ./pictures/logits//sport_certainty_Very Uncertain.png
Plot saved to: ./pictures/logits//sport_certainty_Correctly_classified.png
Plot saved to: ./pictures/logits//sport_certainty_Miss_classified.png
Plot saved to: ./pictures/logits//kultur und unterhaltung_certainty_.png
Plot saved to: ./pictures/logits//kultur und unterhaltung_certainty_Uncertain.png
Plot saved to: ./pictures/logits//kultur und unterhaltung_certainty_Very Uncertain.png
Plot saved to: ./pictures/logits//kultur und unterhaltung_certainty_Confident.png
Plot saved to: ./pictures/logits//kultur und unterhaltung_certainty_Correctly_classified.png
Plot saved to: ./pictures/logits//kultur und unterhaltung_certainty_Miss_classified.png
Plot saved to: ./pictures/logits//militaer_certainty_.png
Plot saved to: ./pictures/logits//militaer_certainty_Confident.png
Plot saved to: ./pictures/logits//militaer_certainty_Very Uncertain.png
Plot saved to: ./pictures/logits//militaer_certainty_Uncertain.png
Plot saved to: ./pictures/logits//militaer_certainty_Correctly_classified.png
Plot saved to: ./pictures/logits//militaer_certainty_Miss_classified.png
Plot saved to: ./pictures/logits//IT und digitalisierung_certainty_.png
Plot saved to: ./pictures/logits//IT und digitalisierung_certainty_Uncertain.png
Plot saved to: ./pictures/logits//IT und digitalisierung_certainty_Confident.png
Plot saved to: ./pictures/logits//IT und digitalisierung_certainty_Very Uncertain.png
Plot saved to: ./pictures/logits//IT und digitalisierung_certainty_Correctly_classified.png
Plot saved to: ./pictures/logits//IT und digitalisierung_certainty_Miss_classified.png
Plot saved to: ./pictures/logits//politik_certainty_.png
Plot saved to: ./pictures/logits//politik_certainty_Uncertain.png
Plot saved to: ./pictures/logits//politik_certainty_Very Uncertain.png
Plot saved to: ./pictures/logits//politik_certainty_Confident.png
Plot saved to: ./pictures/logits//politik_certainty_Correctly_classified.png
Plot saved to: ./pictures/logits//politik_certainty_Miss_classified.png
Plot saved to: ./pictures/logits//recht_certainty_.png
Plot saved to: ./pictures/logits//recht_certainty_Uncertain.png
Plot saved to: ./pictures/logits//recht_certainty_Confident.png
Plot saved to: ./pictures/logits//recht_certainty_Very Uncertain.png
Plot saved to: ./pictures/logits//recht_certainty_Correctly_classified.png
Plot saved to: ./pictures/logits//recht_certainty_Miss_classified.png
Plot saved to: ./pictures/logits//klima und umwelt_certainty_.png
Plot saved to: ./pictures/logits//klima und umwelt_certainty_Confident.png
Plot saved to: ./pictures/logits//klima und umwelt_certainty_Very Uncertain.png
Plot saved to: ./pictures/logits//klima und umwelt_certainty_Uncertain.png
Plot saved to: ./pictures/logits//klima und umwelt_certainty_Correctly_classified.png
Plot saved to: ./pictures/logits//klima und umwelt_certainty_Miss_classified.png
Plot saved to: ./pictures/logits//tiere_certainty_.png
Plot saved to: ./pictures/logits//tiere_certainty_Confident.png
Plot saved to: ./pictures/logits//tiere_certainty_Very Uncertain.png
Plot saved to: ./pictures/logits//tiere_certainty_Uncertain.png
Plot saved to: ./pictures/logits//tiere_certainty_Correctly_classified.png
Plot saved to: ./pictures/logits//tiere_certainty_Miss_classified.png
Plot saved to: ./pictures/logits//medien_certainty_.png
Plot saved to: ./pictures/logits//medien_certainty_Very Uncertain.png
Plot saved to: ./pictures/logits//medien_certainty_Confident.png
Plot saved to: ./pictures/logits//medien_certainty_Uncertain.png
Plot saved to: ./pictures/logits//medien_certainty_Correctly_classified.png
Plot saved to: ./pictures/logits//medien_certainty_Miss_classified.png
Plot saved to: ./pictures/logits//unfall und notfaelle_certainty_.png
Plot saved to: ./pictures/logits//unfall und notfaelle_certainty_Uncertain.png
Plot saved to: ./pictures/logits//unfall und notfaelle_certainty_Confident.png
Plot saved to: ./pictures/logits//unfall und notfaelle_certainty_Very Uncertain.png
Plot saved to: ./pictures/logits//unfall und notfaelle_certainty_Correctly_classified.png
Plot saved to: ./pictures/logits//unfall und notfaelle_certainty_Miss_classified.png
Plot saved to: ./pictures/logits//polizei und kriminalitaet_certainty_.png
Plot saved to: ./pictures/logits//polizei und kriminalitaet_certainty_Confident.png
Plot saved to: ./pictures/logits//polizei und kriminalitaet_certainty_Uncertain.png
Plot saved to: ./pictures/logits//polizei und kriminalitaet_certainty_Very Uncertain.png
Plot saved to: ./pictures/logits//polizei und kriminalitaet_certainty_Correctly_classified.png
Plot saved to: ./pictures/logits//polizei und kriminalitaet_certainty_Miss_classified.png
/home/stud/ricardor/.conda/envs/news_classification/bin/python: Error while finding module specification for 'src.logit_analysis.py' (ModuleNotFoundError: __path__ attribute not found on 'src.logit_analysis' while trying to find 'src.logit_analysis.py'). Try using 'src.logit_analysis' instead of 'src.logit_analysis.py' as the module name.
